<?xml version="1.0" encoding="UTF-8"?>
<robot generator="Robot 7.1.1 (Python 3.13.1 on win32)" generated="2024-12-20T23:01:33.418310" rpa="false" schemaversion="5">
<suite id="s1" name="Testcase" source="C:\Users\vanki\Desktop\Demo-Robot\Testsuite\testcase.robot">
<test id="s1-t1" name="Login" line="5">
<kw name="Login To Website" owner="keywork">
<kw name="Load JSON Data" owner="cus_lib">
<msg time="2024-12-20T23:01:41.675633" level="INFO">${dataFile} = {'Login': [{'name': 'Case 1 - Login true', 'description': 'Happy Case', 'data': {'url': 'https://opensource-demo.orangehrmlive.com/web/index.php/auth/login', 'xuser': "//input[@placeholder='Username']...</msg>
<var>${dataFile}</var>
<arg>${file_path}</arg>
<status status="PASS" start="2024-12-20T23:01:39.711718" elapsed="1.963992"/>
</kw>
<for flavor="IN">
<iter>
<kw name="Log" owner="BuiltIn">
<msg time="2024-12-20T23:01:41.677861" level="INFO">Running test: Case 1 - Login true</msg>
<arg>Running test: ${case['name']}</arg>
<doc>Logs the given message with the given level.</doc>
<status status="PASS" start="2024-12-20T23:01:41.676981" elapsed="0.000947"/>
</kw>
<kw name="Log" owner="BuiltIn">
<msg time="2024-12-20T23:01:41.678476" level="INFO">Description: Happy Case</msg>
<arg>Description: ${case['description']}</arg>
<doc>Logs the given message with the given level.</doc>
<status status="PASS" start="2024-12-20T23:01:41.678067" elapsed="0.000458"/>
</kw>
<kw name="Get Url" owner="cus_lib">
<arg>${case['data']['url']}</arg>
<status status="PASS" start="2024-12-20T23:01:41.678628" elapsed="2.968541"/>
</kw>
<kw name="Sleep" owner="BuiltIn">
<msg time="2024-12-20T23:01:47.647886" level="INFO">Slept 3 seconds.</msg>
<arg>3</arg>
<doc>Pauses the test executed for the given time.</doc>
<status status="PASS" start="2024-12-20T23:01:44.647331" elapsed="3.000749"/>
</kw>
<kw name="Login" owner="cus_lib">
<arg>${case['data']['username']}</arg>
<arg>${case['data']['password']}</arg>
<arg>${case['data']['xuser']}</arg>
<arg>${case['data']['xpass']}</arg>
<arg>${case['data']['xlogin']}</arg>
<status status="PASS" start="2024-12-20T23:01:47.648355" elapsed="1.410444"/>
</kw>
<kw name="Sleep" owner="BuiltIn">
<msg time="2024-12-20T23:01:52.059582" level="INFO">Slept 3 seconds.</msg>
<arg>3</arg>
<doc>Pauses the test executed for the given time.</doc>
<status status="PASS" start="2024-12-20T23:01:49.059088" elapsed="3.000633"/>
</kw>
<kw name="Run Keyword And Continue On Failure" owner="BuiltIn">
<kw name="Verify URL" owner="cus_lib">
<arg>${case['data']['expected_url']}</arg>
<status status="PASS" start="2024-12-20T23:01:52.060318" elapsed="0.006463"/>
</kw>
<arg>Verify URL</arg>
<arg>${case['data']['expected_url']}</arg>
<doc>Runs the keyword and continues execution even if a failure occurs.</doc>
<status status="PASS" start="2024-12-20T23:01:52.060011" elapsed="0.006861"/>
</kw>
<kw name="Clear Session" owner="cus_lib">
<doc>Xóa cookie để xóa session đăng nhập hiện tại.</doc>
<status status="PASS" start="2024-12-20T23:01:52.067024" elapsed="0.010636"/>
</kw>
<var name="${case}">{'name': 'Case 1 - Login true', 'description': 'Happy Case', 'data': {'url': 'https://opensource-demo.orangehrmlive.com/web/index.php/auth/login', 'xuser': "//input[@placeholder='Username']", 'usernam...</var>
<status status="PASS" start="2024-12-20T23:01:41.676838" elapsed="10.400941"/>
</iter>
<iter>
<kw name="Log" owner="BuiltIn">
<msg time="2024-12-20T23:01:52.079156" level="INFO">Running test: Case 2 - Login fail</msg>
<arg>Running test: ${case['name']}</arg>
<doc>Logs the given message with the given level.</doc>
<status status="PASS" start="2024-12-20T23:01:52.078319" elapsed="0.000944"/>
</kw>
<kw name="Log" owner="BuiltIn">
<msg time="2024-12-20T23:01:52.079963" level="INFO">Description: Negative Case</msg>
<arg>Description: ${case['description']}</arg>
<doc>Logs the given message with the given level.</doc>
<status status="PASS" start="2024-12-20T23:01:52.079457" elapsed="0.000568"/>
</kw>
<kw name="Get Url" owner="cus_lib">
<arg>${case['data']['url']}</arg>
<status status="PASS" start="2024-12-20T23:01:52.080169" elapsed="0.411893"/>
</kw>
<kw name="Sleep" owner="BuiltIn">
<msg time="2024-12-20T23:01:55.493084" level="INFO">Slept 3 seconds.</msg>
<arg>3</arg>
<doc>Pauses the test executed for the given time.</doc>
<status status="PASS" start="2024-12-20T23:01:52.492280" elapsed="3.000990"/>
</kw>
<kw name="Login" owner="cus_lib">
<arg>${case['data']['username']}</arg>
<arg>${case['data']['password']}</arg>
<arg>${case['data']['xuser']}</arg>
<arg>${case['data']['xpass']}</arg>
<arg>${case['data']['xlogin']}</arg>
<status status="PASS" start="2024-12-20T23:01:55.493469" elapsed="0.300821"/>
</kw>
<kw name="Sleep" owner="BuiltIn">
<msg time="2024-12-20T23:01:58.795406" level="INFO">Slept 3 seconds.</msg>
<arg>3</arg>
<doc>Pauses the test executed for the given time.</doc>
<status status="PASS" start="2024-12-20T23:01:55.794860" elapsed="3.000674"/>
</kw>
<kw name="Run Keyword And Continue On Failure" owner="BuiltIn">
<kw name="Verify URL" owner="cus_lib">
<arg>${case['data']['expected_url']}</arg>
<status status="PASS" start="2024-12-20T23:01:58.795925" elapsed="0.009237"/>
</kw>
<arg>Verify URL</arg>
<arg>${case['data']['expected_url']}</arg>
<doc>Runs the keyword and continues execution even if a failure occurs.</doc>
<status status="PASS" start="2024-12-20T23:01:58.795739" elapsed="0.009522"/>
</kw>
<kw name="Clear Session" owner="cus_lib">
<doc>Xóa cookie để xóa session đăng nhập hiện tại.</doc>
<status status="PASS" start="2024-12-20T23:01:58.805432" elapsed="0.011242"/>
</kw>
<var name="${case}">{'name': 'Case 2 - Login fail', 'description': 'Negative Case', 'data': {'url': 'https://opensource-demo.orangehrmlive.com/web/index.php/auth/login', 'username': 'Admin', 'password': 'password wrong',...</var>
<status status="PASS" start="2024-12-20T23:01:52.078133" elapsed="6.738644"/>
</iter>
<iter>
<kw name="Log" owner="BuiltIn">
<msg time="2024-12-20T23:01:58.821662" level="INFO">Running test: Case 3 - Login fail</msg>
<arg>Running test: ${case['name']}</arg>
<doc>Logs the given message with the given level.</doc>
<status status="PASS" start="2024-12-20T23:01:58.817483" elapsed="0.005053"/>
</kw>
<kw name="Log" owner="BuiltIn">
<msg time="2024-12-20T23:01:58.825863" level="INFO">Description: Negative Case</msg>
<arg>Description: ${case['description']}</arg>
<doc>Logs the given message with the given level.</doc>
<status status="PASS" start="2024-12-20T23:01:58.823008" elapsed="0.003039"/>
</kw>
<kw name="Get Url" owner="cus_lib">
<arg>${case['data']['url']}</arg>
<status status="PASS" start="2024-12-20T23:01:58.826282" elapsed="0.416537"/>
</kw>
<kw name="Sleep" owner="BuiltIn">
<msg time="2024-12-20T23:02:02.244017" level="INFO">Slept 3 seconds.</msg>
<arg>3</arg>
<doc>Pauses the test executed for the given time.</doc>
<status status="PASS" start="2024-12-20T23:01:59.243032" elapsed="3.002036"/>
</kw>
<kw name="Login" owner="cus_lib">
<arg>${case['data']['username']}</arg>
<arg>${case['data']['password']}</arg>
<arg>${case['data']['xuser']}</arg>
<arg>${case['data']['xpass']}</arg>
<arg>${case['data']['xlogin']}</arg>
<status status="PASS" start="2024-12-20T23:02:02.246986" elapsed="1.376056"/>
</kw>
<kw name="Sleep" owner="BuiltIn">
<msg time="2024-12-20T23:02:06.626179" level="INFO">Slept 3 seconds.</msg>
<arg>3</arg>
<doc>Pauses the test executed for the given time.</doc>
<status status="PASS" start="2024-12-20T23:02:03.624880" elapsed="3.001395"/>
</kw>
<kw name="Run Keyword And Continue On Failure" owner="BuiltIn">
<kw name="Verify URL" owner="cus_lib">
<arg>${case['data']['expected_url']}</arg>
<status status="PASS" start="2024-12-20T23:02:06.626587" elapsed="0.006845"/>
</kw>
<arg>Verify URL</arg>
<arg>${case['data']['expected_url']}</arg>
<doc>Runs the keyword and continues execution even if a failure occurs.</doc>
<status status="PASS" start="2024-12-20T23:02:06.626429" elapsed="0.007144"/>
</kw>
<kw name="Clear Session" owner="cus_lib">
<doc>Xóa cookie để xóa session đăng nhập hiện tại.</doc>
<status status="PASS" start="2024-12-20T23:02:06.633781" elapsed="0.016422"/>
</kw>
<var name="${case}">{'name': 'Case 3 - Login fail', 'description': 'Negative Case', 'data': {'url': 'https://opensource-demo.orangehrmlive.com/web/index.php/auth/login', 'username': 'User_wrong', 'password': 'admin123', ...</var>
<status status="PASS" start="2024-12-20T23:01:58.817287" elapsed="7.833011"/>
</iter>
<iter>
<kw name="Log" owner="BuiltIn">
<msg time="2024-12-20T23:02:06.653495" level="INFO">Running test: Case 4 - Login fail</msg>
<arg>Running test: ${case['name']}</arg>
<doc>Logs the given message with the given level.</doc>
<status status="PASS" start="2024-12-20T23:02:06.650704" elapsed="0.003180"/>
</kw>
<kw name="Log" owner="BuiltIn">
<msg time="2024-12-20T23:02:06.657194" level="INFO">Description: Negative Case</msg>
<arg>Description: ${case['description']}</arg>
<doc>Logs the given message with the given level.</doc>
<status status="PASS" start="2024-12-20T23:02:06.655592" elapsed="0.001802"/>
</kw>
<kw name="Get Url" owner="cus_lib">
<arg>${case['data']['url']}</arg>
<status status="PASS" start="2024-12-20T23:02:06.657724" elapsed="0.427392"/>
</kw>
<kw name="Sleep" owner="BuiltIn">
<msg time="2024-12-20T23:02:10.087764" level="INFO">Slept 3 seconds.</msg>
<arg>3</arg>
<doc>Pauses the test executed for the given time.</doc>
<status status="PASS" start="2024-12-20T23:02:07.086029" elapsed="3.001903"/>
</kw>
<kw name="Login" owner="cus_lib">
<arg>${case['data']['username']}</arg>
<arg>${case['data']['password']}</arg>
<arg>${case['data']['xuser']}</arg>
<arg>${case['data']['xpass']}</arg>
<arg>${case['data']['xlogin']}</arg>
<status status="PASS" start="2024-12-20T23:02:10.088123" elapsed="0.197275"/>
</kw>
<kw name="Sleep" owner="BuiltIn">
<msg time="2024-12-20T23:02:13.286474" level="INFO">Slept 3 seconds.</msg>
<arg>3</arg>
<doc>Pauses the test executed for the given time.</doc>
<status status="PASS" start="2024-12-20T23:02:10.285576" elapsed="3.001149"/>
</kw>
<kw name="Run Keyword And Continue On Failure" owner="BuiltIn">
<kw name="Verify URL" owner="cus_lib">
<arg>${case['data']['expected_url']}</arg>
<status status="PASS" start="2024-12-20T23:02:13.287357" elapsed="0.005892"/>
</kw>
<arg>Verify URL</arg>
<arg>${case['data']['expected_url']}</arg>
<doc>Runs the keyword and continues execution even if a failure occurs.</doc>
<status status="PASS" start="2024-12-20T23:02:13.287052" elapsed="0.006283"/>
</kw>
<kw name="Clear Session" owner="cus_lib">
<doc>Xóa cookie để xóa session đăng nhập hiện tại.</doc>
<status status="PASS" start="2024-12-20T23:02:13.293463" elapsed="0.020551"/>
</kw>
<var name="${case}">{'name': 'Case 4 - Login fail', 'description': 'Negative Case', 'data': {'url': 'https://opensource-demo.orangehrmlive.com/web/index.php/auth/login', 'username': 'User_wrong', 'password': 'password wr...</var>
<status status="PASS" start="2024-12-20T23:02:06.650566" elapsed="6.663519"/>
</iter>
<iter>
<kw name="Log" owner="BuiltIn">
<msg time="2024-12-20T23:02:13.314952" level="INFO">Running test: Case 5  - Login fail</msg>
<arg>Running test: ${case['name']}</arg>
<doc>Logs the given message with the given level.</doc>
<status status="PASS" start="2024-12-20T23:02:13.314425" elapsed="0.000588"/>
</kw>
<kw name="Log" owner="BuiltIn">
<msg time="2024-12-20T23:02:13.315588" level="INFO">Description: Negative Case</msg>
<arg>Description: ${case['description']}</arg>
<doc>Logs the given message with the given level.</doc>
<status status="PASS" start="2024-12-20T23:02:13.315141" elapsed="0.000504"/>
</kw>
<kw name="Get Url" owner="cus_lib">
<arg>${case['data']['url']}</arg>
<status status="PASS" start="2024-12-20T23:02:13.315762" elapsed="0.418432"/>
</kw>
<kw name="Sleep" owner="BuiltIn">
<msg time="2024-12-20T23:02:16.735197" level="INFO">Slept 3 seconds.</msg>
<arg>3</arg>
<doc>Pauses the test executed for the given time.</doc>
<status status="PASS" start="2024-12-20T23:02:13.734345" elapsed="3.000993"/>
</kw>
<kw name="Login" owner="cus_lib">
<arg>${case['data']['username']}</arg>
<arg>${case['data']['password']}</arg>
<arg>${case['data']['xuser']}</arg>
<arg>${case['data']['xpass']}</arg>
<arg>${case['data']['xlogin']}</arg>
<status status="PASS" start="2024-12-20T23:02:16.735530" elapsed="0.154266"/>
</kw>
<kw name="Sleep" owner="BuiltIn">
<msg time="2024-12-20T23:02:19.890555" level="INFO">Slept 3 seconds.</msg>
<arg>3</arg>
<doc>Pauses the test executed for the given time.</doc>
<status status="PASS" start="2024-12-20T23:02:16.889959" elapsed="3.000780"/>
</kw>
<kw name="Run Keyword And Continue On Failure" owner="BuiltIn">
<kw name="Verify URL" owner="cus_lib">
<arg>${case['data']['expected_url']}</arg>
<status status="PASS" start="2024-12-20T23:02:19.891167" elapsed="0.005799"/>
</kw>
<arg>Verify URL</arg>
<arg>${case['data']['expected_url']}</arg>
<doc>Runs the keyword and continues execution even if a failure occurs.</doc>
<status status="PASS" start="2024-12-20T23:02:19.890950" elapsed="0.006094"/>
</kw>
<kw name="Clear Session" owner="cus_lib">
<doc>Xóa cookie để xóa session đăng nhập hiện tại.</doc>
<status status="PASS" start="2024-12-20T23:02:19.897179" elapsed="0.006519"/>
</kw>
<var name="${case}">{'name': 'Case 5  - Login fail', 'description': 'Negative Case', 'data': {'url': 'https://opensource-demo.orangehrmlive.com/web/index.php/auth/login', 'username': '', 'password': '', 'xuser': "//input...</var>
<status status="PASS" start="2024-12-20T23:02:13.314306" elapsed="6.589453"/>
</iter>
<var>${case}</var>
<value>@{dataFile['Login']}</value>
<status status="PASS" start="2024-12-20T23:01:41.675879" elapsed="38.227924"/>
</for>
<arg>$data</arg>
<status status="PASS" start="2024-12-20T23:01:39.711196" elapsed="40.192699"/>
</kw>
<status status="PASS" start="2024-12-20T23:01:39.710279" elapsed="40.193945"/>
</test>
<status status="PASS" start="2024-12-20T23:01:33.420153" elapsed="46.485107"/>
</suite>
<statistics>
<total>
<stat pass="1" fail="0" skip="0">All Tests</stat>
</total>
<tag>
</tag>
<suite>
<stat pass="1" fail="0" skip="0" id="s1" name="Testcase">Testcase</stat>
</suite>
</statistics>
<errors>
</errors>
</robot>
